<?xml version="1.0" encoding="UTF-8"?>
<!-- Generated by org.testng.reporters.JUnitXMLReporter -->
<testsuite ignored="0" hostname="SRDEVL172" failures="0" tests="4" name="Test" time="30.481" errors="0" timestamp="2023-07-12T11:59:09 IST">
  <testcase classname="testcases.LoginTestCase" name="verifyLogin" time="0.536"/>
  <testcase classname="testcases.LoginTestCase" name="verifyLogin" time="0.435"/>
  <testcase classname="testcases.LoginTestCase" name="verifyLogin" time="0.686"/>
  <testcase classname="testcases.SignupTestCases" name="verifySignup" time="12.596"/>
</testsuite> <!-- Test -->
