<?xml version="1.0" encoding="UTF-8"?>
<testng-results ignored="0" total="4" passed="4" failed="0" skipped="0">
  <reporter-output>
  </reporter-output>
  <suite started-at="2023-07-12T11:58:38 IST" name="Suite" finished-at="2023-07-12T11:59:08 IST" duration-ms="30481">
    <groups>
    </groups>
    <test started-at="2023-07-12T11:58:38 IST" name="Test" finished-at="2023-07-12T11:59:08 IST" duration-ms="30481">
      <class name="testcases.SignupTestCases">
        <test-method is-config="true" signature="launchBrowserandURL()[pri:0, instance:testcases.SignupTestCases@3c41ed1d]" started-at="2023-07-12T11:58:52 IST" name="launchBrowserandURL" finished-at="2023-07-12T11:58:56 IST" duration-ms="4135" status="PASS">
          <reporter-output>
          </reporter-output>
        </test-method> <!-- launchBrowserandURL -->
        <test-method signature="verifySignup()[pri:0, instance:testcases.SignupTestCases@3c41ed1d]" started-at="2023-07-12T11:58:56 IST" name="verifySignup" finished-at="2023-07-12T11:59:08 IST" duration-ms="12596" status="PASS">
          <reporter-output>
          </reporter-output>
        </test-method> <!-- verifySignup -->
      </class> <!-- testcases.SignupTestCases -->
      <class name="testcases.LoginTestCase">
        <test-method is-config="true" signature="launchBrowserandURL()[pri:0, instance:testcases.LoginTestCase@76505305]" started-at="2023-07-12T11:58:38 IST" name="launchBrowserandURL" finished-at="2023-07-12T11:58:44 IST" duration-ms="5762" status="PASS">
          <reporter-output>
          </reporter-output>
        </test-method> <!-- launchBrowserandURL -->
        <test-method signature="verifyLogin(java.lang.String,java.lang.String)[pri:0, instance:testcases.LoginTestCase@76505305]" started-at="2023-07-12T11:58:44 IST" name="verifyLogin" data-provider="testData" finished-at="2023-07-12T11:58:44 IST" duration-ms="536" status="PASS">
          <params>
            <param index="0">
              <value>
                <![CDATA[rahul]]>
              </value>
            </param>
            <param index="1">
              <value>
                <![CDATA[secure123]]>
              </value>
            </param>
          </params>
          <reporter-output>
          </reporter-output>
        </test-method> <!-- verifyLogin -->
        <test-method is-config="true" signature="launchBrowserandURL()[pri:0, instance:testcases.LoginTestCase@76505305]" started-at="2023-07-12T11:58:44 IST" name="launchBrowserandURL" finished-at="2023-07-12T11:58:47 IST" duration-ms="2520" status="PASS">
          <reporter-output>
          </reporter-output>
        </test-method> <!-- launchBrowserandURL -->
        <test-method signature="verifyLogin(java.lang.String,java.lang.String)[pri:0, instance:testcases.LoginTestCase@76505305]" started-at="2023-07-12T11:58:47 IST" name="verifyLogin" data-provider="testData" finished-at="2023-07-12T11:58:47 IST" duration-ms="435" status="PASS">
          <params>
            <param index="0">
              <value>
                <![CDATA[rahul]]>
              </value>
            </param>
            <param index="1">
              <value>
                <![CDATA[secure123]]>
              </value>
            </param>
          </params>
          <reporter-output>
          </reporter-output>
        </test-method> <!-- verifyLogin -->
        <test-method is-config="true" signature="launchBrowserandURL()[pri:0, instance:testcases.LoginTestCase@76505305]" started-at="2023-07-12T11:58:47 IST" name="launchBrowserandURL" finished-at="2023-07-12T11:58:51 IST" duration-ms="3748" status="PASS">
          <reporter-output>
          </reporter-output>
        </test-method> <!-- launchBrowserandURL -->
        <test-method signature="verifyLogin(java.lang.String,java.lang.String)[pri:0, instance:testcases.LoginTestCase@76505305]" started-at="2023-07-12T11:58:51 IST" name="verifyLogin" data-provider="testData" finished-at="2023-07-12T11:58:52 IST" duration-ms="686" status="PASS">
          <params>
            <param index="0">
              <value>
                <![CDATA[rahul]]>
              </value>
            </param>
            <param index="1">
              <value>
                <![CDATA[secure123]]>
              </value>
            </param>
          </params>
          <reporter-output>
          </reporter-output>
        </test-method> <!-- verifyLogin -->
      </class> <!-- testcases.LoginTestCase -->
    </test> <!-- Test -->
  </suite> <!-- Suite -->
</testng-results>
